M:\DOCUMENTS\VISUAL STUDIO 2010\PROJECTS\S1278542\WEBSERVER\DEBUG\WEBSERVER.EXE
M:\DOCUMENTS\VISUAL STUDIO 2010\PROJECTS\S1278542\WEBSERVER\DEBUG\WEBSERVER.ILK
M:\DOCUMENTS\VISUAL STUDIO 2010\PROJECTS\S1278542\WEBSERVER\DEBUG\WEBSERVER.PDB
M:\Documents\Visual Studio 2010\Projects\s1278542\webserver\webserver\Debug\cl.command.1.tlog
M:\Documents\Visual Studio 2010\Projects\s1278542\webserver\webserver\Debug\CL.read.1.tlog
M:\Documents\Visual Studio 2010\Projects\s1278542\webserver\webserver\Debug\CL.write.1.tlog
M:\Documents\Visual Studio 2010\Projects\s1278542\webserver\webserver\Debug\link.10956.read.1.tlog
M:\Documents\Visual Studio 2010\Projects\s1278542\webserver\webserver\Debug\link.10956.write.1.tlog
M:\Documents\Visual Studio 2010\Projects\s1278542\webserver\webserver\Debug\link.10956-cvtres.read.1.tlog
M:\Documents\Visual Studio 2010\Projects\s1278542\webserver\webserver\Debug\link.10956-cvtres.write.1.tlog
M:\Documents\Visual Studio 2010\Projects\s1278542\webserver\webserver\Debug\link.11804.read.1.tlog
M:\Documents\Visual Studio 2010\Projects\s1278542\webserver\webserver\Debug\link.11804.write.1.tlog
M:\Documents\Visual Studio 2010\Projects\s1278542\webserver\webserver\Debug\link.11804-cvtres.read.1.tlog
M:\Documents\Visual Studio 2010\Projects\s1278542\webserver\webserver\Debug\link.11804-cvtres.write.1.tlog
M:\Documents\Visual Studio 2010\Projects\s1278542\webserver\webserver\Debug\link.18728.read.1.tlog
M:\Documents\Visual Studio 2010\Projects\s1278542\webserver\webserver\Debug\link.18728.write.1.tlog
M:\Documents\Visual Studio 2010\Projects\s1278542\webserver\webserver\Debug\link.18728-cvtres.read.1.tlog
M:\Documents\Visual Studio 2010\Projects\s1278542\webserver\webserver\Debug\link.18728-cvtres.write.1.tlog
M:\Documents\Visual Studio 2010\Projects\s1278542\webserver\webserver\Debug\link.21732.read.1.tlog
M:\Documents\Visual Studio 2010\Projects\s1278542\webserver\webserver\Debug\link.21732.write.1.tlog
M:\Documents\Visual Studio 2010\Projects\s1278542\webserver\webserver\Debug\link.21732-cvtres.read.1.tlog
M:\Documents\Visual Studio 2010\Projects\s1278542\webserver\webserver\Debug\link.21732-cvtres.write.1.tlog
M:\Documents\Visual Studio 2010\Projects\s1278542\webserver\webserver\Debug\link.23464.read.1.tlog
M:\Documents\Visual Studio 2010\Projects\s1278542\webserver\webserver\Debug\link.23464.write.1.tlog
M:\Documents\Visual Studio 2010\Projects\s1278542\webserver\webserver\Debug\link.23464-cvtres.read.1.tlog
M:\Documents\Visual Studio 2010\Projects\s1278542\webserver\webserver\Debug\link.23464-cvtres.write.1.tlog
M:\Documents\Visual Studio 2010\Projects\s1278542\webserver\webserver\Debug\link.2524.read.1.tlog
M:\Documents\Visual Studio 2010\Projects\s1278542\webserver\webserver\Debug\link.2524.write.1.tlog
M:\Documents\Visual Studio 2010\Projects\s1278542\webserver\webserver\Debug\link.2524-cvtres.read.1.tlog
M:\Documents\Visual Studio 2010\Projects\s1278542\webserver\webserver\Debug\link.2524-cvtres.write.1.tlog
M:\Documents\Visual Studio 2010\Projects\s1278542\webserver\webserver\Debug\link.28040.read.1.tlog
M:\Documents\Visual Studio 2010\Projects\s1278542\webserver\webserver\Debug\link.28040.write.1.tlog
M:\Documents\Visual Studio 2010\Projects\s1278542\webserver\webserver\Debug\link.28040-cvtres.read.1.tlog
M:\Documents\Visual Studio 2010\Projects\s1278542\webserver\webserver\Debug\link.28040-cvtres.write.1.tlog
M:\Documents\Visual Studio 2010\Projects\s1278542\webserver\webserver\Debug\link.30324.read.1.tlog
M:\Documents\Visual Studio 2010\Projects\s1278542\webserver\webserver\Debug\link.30324.write.1.tlog
M:\Documents\Visual Studio 2010\Projects\s1278542\webserver\webserver\Debug\link.30324-cvtres.read.1.tlog
M:\Documents\Visual Studio 2010\Projects\s1278542\webserver\webserver\Debug\link.30324-cvtres.write.1.tlog
M:\Documents\Visual Studio 2010\Projects\s1278542\webserver\webserver\Debug\link.30932.read.1.tlog
M:\Documents\Visual Studio 2010\Projects\s1278542\webserver\webserver\Debug\link.30932.write.1.tlog
M:\Documents\Visual Studio 2010\Projects\s1278542\webserver\webserver\Debug\link.30932-cvtres.read.1.tlog
M:\Documents\Visual Studio 2010\Projects\s1278542\webserver\webserver\Debug\link.30932-cvtres.write.1.tlog
M:\Documents\Visual Studio 2010\Projects\s1278542\webserver\webserver\Debug\link.34728.read.1.tlog
M:\Documents\Visual Studio 2010\Projects\s1278542\webserver\webserver\Debug\link.34728.write.1.tlog
M:\Documents\Visual Studio 2010\Projects\s1278542\webserver\webserver\Debug\link.34728-cvtres.read.1.tlog
M:\Documents\Visual Studio 2010\Projects\s1278542\webserver\webserver\Debug\link.34728-cvtres.write.1.tlog
M:\Documents\Visual Studio 2010\Projects\s1278542\webserver\webserver\Debug\link.3704.read.1.tlog
M:\Documents\Visual Studio 2010\Projects\s1278542\webserver\webserver\Debug\link.3704.write.1.tlog
M:\Documents\Visual Studio 2010\Projects\s1278542\webserver\webserver\Debug\link.3704-cvtres.read.1.tlog
M:\Documents\Visual Studio 2010\Projects\s1278542\webserver\webserver\Debug\link.3704-cvtres.write.1.tlog
M:\Documents\Visual Studio 2010\Projects\s1278542\webserver\webserver\Debug\link.9076.read.1.tlog
M:\Documents\Visual Studio 2010\Projects\s1278542\webserver\webserver\Debug\link.9076.write.1.tlog
M:\Documents\Visual Studio 2010\Projects\s1278542\webserver\webserver\Debug\link.9076-cvtres.read.1.tlog
M:\Documents\Visual Studio 2010\Projects\s1278542\webserver\webserver\Debug\link.9076-cvtres.write.1.tlog
M:\Documents\Visual Studio 2010\Projects\s1278542\webserver\webserver\Debug\link.command.1.tlog
M:\Documents\Visual Studio 2010\Projects\s1278542\webserver\webserver\Debug\link.read.1.tlog
M:\Documents\Visual Studio 2010\Projects\s1278542\webserver\webserver\Debug\link.write.1.tlog
M:\Documents\Visual Studio 2010\Projects\s1278542\webserver\webserver\Debug\link-cvtres.read.1.tlog
M:\Documents\Visual Studio 2010\Projects\s1278542\webserver\webserver\Debug\link-cvtres.write.1.tlog
M:\Documents\Visual Studio 2010\Projects\s1278542\webserver\webserver\Debug\mt.command.1.tlog
M:\Documents\Visual Studio 2010\Projects\s1278542\webserver\webserver\Debug\mt.read.1.tlog
M:\Documents\Visual Studio 2010\Projects\s1278542\webserver\webserver\Debug\mt.write.1.tlog
M:\Documents\Visual Studio 2010\Projects\s1278542\webserver\webserver\Debug\rc.command.1.tlog
M:\Documents\Visual Studio 2010\Projects\s1278542\webserver\webserver\Debug\rc.read.1.tlog
M:\Documents\Visual Studio 2010\Projects\s1278542\webserver\webserver\Debug\rc.write.1.tlog
M:\DOCUMENTS\VISUAL STUDIO 2010\PROJECTS\S1278542\WEBSERVER\WEBSERVER\DEBUG\SOCKETIO.OBJ
M:\DOCUMENTS\VISUAL STUDIO 2010\PROJECTS\S1278542\WEBSERVER\WEBSERVER\DEBUG\STDAFX.OBJ
M:\DOCUMENTS\VISUAL STUDIO 2010\PROJECTS\S1278542\WEBSERVER\WEBSERVER\DEBUG\VC100.PDB
M:\DOCUMENTS\VISUAL STUDIO 2010\PROJECTS\S1278542\WEBSERVER\WEBSERVER\DEBUG\WEBSERVER.EXE.EMBED.MANIFEST
M:\DOCUMENTS\VISUAL STUDIO 2010\PROJECTS\S1278542\WEBSERVER\WEBSERVER\DEBUG\WEBSERVER.EXE.EMBED.MANIFEST.RES
M:\DOCUMENTS\VISUAL STUDIO 2010\PROJECTS\S1278542\WEBSERVER\WEBSERVER\DEBUG\WEBSERVER.EXE.INTERMEDIATE.MANIFEST
M:\DOCUMENTS\VISUAL STUDIO 2010\PROJECTS\S1278542\WEBSERVER\WEBSERVER\DEBUG\WEBSERVER.OBJ
M:\DOCUMENTS\VISUAL STUDIO 2010\PROJECTS\S1278542\WEBSERVER\WEBSERVER\DEBUG\WEBSERVER.PCH
M:\Documents\Visual Studio 2010\Projects\s1278542\webserver\webserver\Debug\webserver.vcxprojResolveAssemblyReference.cache
M:\Documents\Visual Studio 2010\Projects\s1278542\webserver\webserver\Debug\webserver.write.1.tlog
M:\Documents\Visual Studio 2010\Projects\s1278542\webserver\webserver\Debug\webserver_manifest.rc
