Построение начато 21.06.2018 8:59:50.
     1>Проект "M:\Documents\Visual Studio 2010\Projects\s1278542\webserver\webserver\webserver.vcxproj" в узле 2 (целевые объекты rebuild).
     1>_PrepareForClean:
         Файл "Debug\webserver.lastbuildstate" удаляется.
       InitializeBuildStatus:
         Создание "Debug\webserver.unsuccessfulbuild", так как было задано "AlwaysCreate".
       ClCompile:
         C:\Program Files (x86)\Microsoft Visual Studio 10.0\VC\bin\CL.exe /c /ZI /nologo /W3 /WX- /Od /Oy- /D WIN32 /D _DEBUG /D _CONSOLE /D _UNICODE /D UNICODE /Gm /EHsc /RTC1 /MTd /GS /fp:precise /Zc:wchar_t /Zc:forScope /Yc"StdAfx.h" /Fp"Debug\webserver.pch" /Fo"Debug\\" /Fd"Debug\vc100.pdb" /Gd /TP /analyze- /errorReport:prompt stdafx.cpp /TP 
         stdafx.cpp
         C:\Program Files (x86)\Microsoft Visual Studio 10.0\VC\bin\CL.exe /c /ZI /nologo /W3 /WX- /Od /Oy- /D WIN32 /D _DEBUG /D _CONSOLE /D _UNICODE /D UNICODE /Gm /EHsc /RTC1 /MTd /GS /fp:precise /Zc:wchar_t /Zc:forScope /Fo"Debug\\" /Fd"Debug\vc100.pdb" /Gd /TC /analyze- /errorReport:prompt socketio.c webserver.c /TP 
     1>cl : командная строка warning D9025: переопределение "/TC" на "/TP"
         webserver.c
     1>m:\documents\visual studio 2010\projects\s1278542\webserver\webserver\socketio.h(172): warning C4018: <: несоответствие типов со знаком и без знака
     1>m:\documents\visual studio 2010\projects\s1278542\webserver\webserver\socketio.h(191): warning C4996: 'vsprintf': This function or variable may be unsafe. Consider using vsprintf_s instead. To disable deprecation, use _CRT_SECURE_NO_WARNINGS. See online help for details.
                 c:\program files (x86)\microsoft visual studio 10.0\vc\include\stdio.h(371): см. объявление "vsprintf"
     1>m:\documents\visual studio 2010\projects\s1278542\webserver\webserver\socketio.h(230): warning C4018: <: несоответствие типов со знаком и без знака
     1>m:\documents\visual studio 2010\projects\s1278542\webserver\webserver\socketio.h(257): warning C4018: <: несоответствие типов со знаком и без знака
     1>m:\documents\visual studio 2010\projects\s1278542\webserver\webserver\socketio.h(267): warning C4018: <: несоответствие типов со знаком и без знака
     1>m:\documents\visual studio 2010\projects\s1278542\webserver\webserver\webserver.c(29): warning C4996: 'sprintf': This function or variable may be unsafe. Consider using sprintf_s instead. To disable deprecation, use _CRT_SECURE_NO_WARNINGS. See online help for details.
                 c:\program files (x86)\microsoft visual studio 10.0\vc\include\stdio.h(371): см. объявление "sprintf"
     1>m:\documents\visual studio 2010\projects\s1278542\webserver\webserver\webserver.c(43): warning C4996: 'sprintf': This function or variable may be unsafe. Consider using sprintf_s instead. To disable deprecation, use _CRT_SECURE_NO_WARNINGS. See online help for details.
                 c:\program files (x86)\microsoft visual studio 10.0\vc\include\stdio.h(371): см. объявление "sprintf"
     1>m:\documents\visual studio 2010\projects\s1278542\webserver\webserver\webserver.c(54): warning C4996: 'sscanf': This function or variable may be unsafe. Consider using sscanf_s instead. To disable deprecation, use _CRT_SECURE_NO_WARNINGS. See online help for details.
                 c:\program files (x86)\microsoft visual studio 10.0\vc\include\stdio.h(325): см. объявление "sscanf"
     1>m:\documents\visual studio 2010\projects\s1278542\webserver\webserver\webserver.c(60): warning C4996: 'sprintf': This function or variable may be unsafe. Consider using sprintf_s instead. To disable deprecation, use _CRT_SECURE_NO_WARNINGS. See online help for details.
                 c:\program files (x86)\microsoft visual studio 10.0\vc\include\stdio.h(371): см. объявление "sprintf"
     1>m:\documents\visual studio 2010\projects\s1278542\webserver\webserver\webserver.c(92): warning C4996: 'sprintf': This function or variable may be unsafe. Consider using sprintf_s instead. To disable deprecation, use _CRT_SECURE_NO_WARNINGS. See online help for details.
                 c:\program files (x86)\microsoft visual studio 10.0\vc\include\stdio.h(371): см. объявление "sprintf"
     1>m:\documents\visual studio 2010\projects\s1278542\webserver\webserver\webserver.c(110): warning C4996: 'sscanf': This function or variable may be unsafe. Consider using sscanf_s instead. To disable deprecation, use _CRT_SECURE_NO_WARNINGS. See online help for details.
                 c:\program files (x86)\microsoft visual studio 10.0\vc\include\stdio.h(325): см. объявление "sscanf"
     1>m:\documents\visual studio 2010\projects\s1278542\webserver\webserver\webserver.c(162): warning C4996: 'fopen': This function or variable may be unsafe. Consider using fopen_s instead. To disable deprecation, use _CRT_SECURE_NO_WARNINGS. See online help for details.
                 c:\program files (x86)\microsoft visual studio 10.0\vc\include\stdio.h(234): см. объявление "fopen"
     1>m:\documents\visual studio 2010\projects\s1278542\webserver\webserver\webserver.c(167): warning C4996: 'sprintf': This function or variable may be unsafe. Consider using sprintf_s instead. To disable deprecation, use _CRT_SECURE_NO_WARNINGS. See online help for details.
                 c:\program files (x86)\microsoft visual studio 10.0\vc\include\stdio.h(371): см. объявление "sprintf"
         socketio.c
     1>m:\documents\visual studio 2010\projects\s1278542\webserver\webserver\socketio.h(172): warning C4018: <: несоответствие типов со знаком и без знака
     1>m:\documents\visual studio 2010\projects\s1278542\webserver\webserver\socketio.h(191): warning C4996: 'vsprintf': This function or variable may be unsafe. Consider using vsprintf_s instead. To disable deprecation, use _CRT_SECURE_NO_WARNINGS. See online help for details.
                 c:\program files (x86)\microsoft visual studio 10.0\vc\include\stdio.h(371): см. объявление "vsprintf"
     1>m:\documents\visual studio 2010\projects\s1278542\webserver\webserver\socketio.h(230): warning C4018: <: несоответствие типов со знаком и без знака
     1>m:\documents\visual studio 2010\projects\s1278542\webserver\webserver\socketio.h(257): warning C4018: <: несоответствие типов со знаком и без знака
     1>m:\documents\visual studio 2010\projects\s1278542\webserver\webserver\socketio.h(267): warning C4018: <: несоответствие типов со знаком и без знака
     1>m:\documents\visual studio 2010\projects\s1278542\webserver\webserver\socketio.c(45): warning C4996: 'strcpy': This function or variable may be unsafe. Consider using strcpy_s instead. To disable deprecation, use _CRT_SECURE_NO_WARNINGS. See online help for details.
                 c:\program files (x86)\microsoft visual studio 10.0\vc\include\string.h(105): см. объявление "strcpy"
         Создание кода...
       ManifestResourceCompile:
         C:\Program Files (x86)\Microsoft SDKs\Windows\v7.0A\bin\rc.exe /nologo /fo"Debug\webserver.exe.embed.manifest.res" Debug\webserver_manifest.rc 
       Link:
         C:\Program Files (x86)\Microsoft Visual Studio 10.0\VC\bin\link.exe /ERRORREPORT:PROMPT /OUT:"M:\Documents\Visual Studio 2010\Projects\s1278542\webserver\Debug\webserver.exe" /INCREMENTAL /NOLOGO kernel32.lib user32.lib gdi32.lib winspool.lib comdlg32.lib advapi32.lib shell32.lib ole32.lib oleaut32.lib uuid.lib odbc32.lib odbccp32.lib /MANIFEST /ManifestFile:"Debug\webserver.exe.intermediate.manifest" /MANIFESTUAC:"level='asInvoker' uiAccess='false'" /DEBUG /PDB:"M:\Documents\Visual Studio 2010\Projects\s1278542\webserver\Debug\webserver.pdb" /SUBSYSTEM:CONSOLE /TLBID:1 /DYNAMICBASE /NXCOMPAT /IMPLIB:"M:\Documents\Visual Studio 2010\Projects\s1278542\webserver\Debug\webserver.lib" /MACHINE:X86 Debug\webserver.exe.embed.manifest.res
         Debug\socketio.obj
         Debug\stdafx.obj
         Debug\webserver.obj
       Manifest:
         Файл "Debug\webserver.exe.embed.manifest" удаляется.
         C:\Program Files (x86)\Microsoft SDKs\Windows\v7.0A\bin\mt.exe /nologo /verbose /out:"Debug\webserver.exe.embed.manifest" /manifest Debug\webserver.exe.intermediate.manifest
         C:\Program Files (x86)\Microsoft SDKs\Windows\v7.0A\bin\rc.exe /nologo /fo"Debug\webserver.exe.embed.manifest.res" Debug\webserver_manifest.rc 
       LinkEmbedManifest:
         C:\Program Files (x86)\Microsoft Visual Studio 10.0\VC\bin\link.exe /ERRORREPORT:PROMPT /OUT:"M:\Documents\Visual Studio 2010\Projects\s1278542\webserver\Debug\webserver.exe" /INCREMENTAL /NOLOGO kernel32.lib user32.lib gdi32.lib winspool.lib comdlg32.lib advapi32.lib shell32.lib ole32.lib oleaut32.lib uuid.lib odbc32.lib odbccp32.lib /MANIFEST /ManifestFile:"Debug\webserver.exe.intermediate.manifest" /MANIFESTUAC:"level='asInvoker' uiAccess='false'" /DEBUG /PDB:"M:\Documents\Visual Studio 2010\Projects\s1278542\webserver\Debug\webserver.pdb" /SUBSYSTEM:CONSOLE /TLBID:1 /DYNAMICBASE /NXCOMPAT /IMPLIB:"M:\Documents\Visual Studio 2010\Projects\s1278542\webserver\Debug\webserver.lib" /MACHINE:X86 Debug\webserver.exe.embed.manifest.res
         Debug\socketio.obj
         Debug\stdafx.obj
         Debug\webserver.obj
         webserver.vcxproj -> M:\Documents\Visual Studio 2010\Projects\s1278542\webserver\Debug\webserver.exe
       FinalizeBuildStatus:
         Файл "Debug\webserver.unsuccessfulbuild" удаляется.
         Обращение к "Debug\webserver.lastbuildstate".
     1>Построение проекта "M:\Documents\Visual Studio 2010\Projects\s1278542\webserver\webserver\webserver.vcxproj" завершено (целевые объекты rebuild).

Построение успешно завершено.

Затраченное время: 00:00:06.00
